# JRE version: Java(TM) SE Runtime Environment (17.0.12+8) (build 17.0.12+8-LTS-286)
# Java VM: Java HotSpot(TM) 64-Bit Server VM (17.0.12+8-LTS-286, mixed mode, sharing, tiered, compressed oops, compressed class ptrs, g1 gc, bsd-amd64)
GC Precious Log:
 CPUs: 4 total, 4 available
 Memory: 8192M
 Large Page Support: Disabled
 NUMA Support: Disabled
 Compressed Oops: Enabled (Zero based)
 Heap Region Size: 1M
 Heap Min Capacity: 8M
 Heap Initial Capacity: 128M
 Heap Max Capacity: 2G
 Pre-touch: Disabled
 Parallel Workers: 4
 Concurrent Workers: 1
 Concurrent Refinement Workers: 4
 Periodic GC: Disabled
Heap:
 garbage-first heap   total 409600K, used 192798K [0x0000000780000000, 0x0000000800000000)
  region size 1024K, 62 young (63488K), 12 survivors (12288K)
 Metaspace       used 162866K, committed 165184K, reserved 1245184K
  class space    used 20813K, committed 21952K, reserved 1048576K
GC Heap History (20 events):
Event: 7853.129 GC heap before
{Heap before GC invocations=141 (full 1):
 garbage-first heap   total 693248K, used 202673K [0x0000000780000000, 0x0000000800000000)
  region size 1024K, 33 young (33792K), 12 survivors (12288K)
 Metaspace       used 162410K, committed 165312K, reserved 1245184K
  class space    used 20619K, committed 21568K, reserved 1048576K
}
Event: 7853.319 GC heap after
{Heap after GC invocations=142 (full 1):
 garbage-first heap   total 693248K, used 176673K [0x0000000780000000, 0x0000000800000000)
  region size 1024K, 3 young (3072K), 3 survivors (3072K)
 Metaspace       used 162410K, committed 165312K, reserved 1245184K
  class space    used 20619K, committed 21568K, reserved 1048576K
}
Event: 7867.841 GC heap before
{Heap before GC invocations=142 (full 1):
 garbage-first heap   total 693248K, used 267809K [0x0000000780000000, 0x0000000800000000)
  region size 1024K, 94 young (96256K), 3 survivors (3072K)
 Metaspace       used 162441K, committed 165312K, reserved 1245184K
  class space    used 20620K, committed 21568K, reserved 1048576K
}
Event: 7867.887 GC heap after
{Heap after GC invocations=143 (full 1):
 garbage-first heap   total 693248K, used 177071K [0x0000000780000000, 0x0000000800000000)
  region size 1024K, 3 young (3072K), 3 survivors (3072K)
 Metaspace       used 162441K, committed 165312K, reserved 1245184K
  class space    used 20620K, committed 21568K, reserved 1048576K
}
Event: 8141.049 GC heap before
{Heap before GC invocations=144 (full 1):
 garbage-first heap   total 686080K, used 497583K [0x0000000780000000, 0x0000000800000000)
  region size 1024K, 265 young (271360K), 3 survivors (3072K)
 Metaspace       used 162205K, committed 164416K, reserved 1245184K
  class space    used 20788K, committed 21888K, reserved 1048576K
}
Event: 8141.268 GC heap after
{Heap after GC invocations=145 (full 1):
 garbage-first heap   total 686080K, used 178272K [0x0000000780000000, 0x0000000800000000)
  region size 1024K, 14 young (14336K), 14 survivors (14336K)
 Metaspace       used 162205K, committed 164416K, reserved 1245184K
  class space    used 20788K, committed 21888K, reserved 1048576K
}
Event: 8294.295 GC heap before
{Heap before GC invocations=145 (full 1):
 garbage-first heap   total 686080K, used 228448K [0x0000000780000000, 0x0000000800000000)
  region size 1024K, 33 young (33792K), 14 survivors (14336K)
 Metaspace       used 162232K, committed 164480K, reserved 1245184K
  class space    used 20788K, committed 21888K, reserved 1048576K
}
Event: 8294.487 GC heap after
{Heap after GC invocations=146 (full 1):
 garbage-first heap   total 686080K, used 171346K [0x0000000780000000, 0x0000000800000000)
  region size 1024K, 2 young (2048K), 2 survivors (2048K)
 Metaspace       used 162232K, committed 164480K, reserved 1245184K
  class space    used 20788K, committed 21888K, reserved 1048576K
}
Event: 9319.623 GC heap before
{Heap before GC invocations=146 (full 1):
 garbage-first heap   total 686080K, used 302418K [0x0000000780000000, 0x0000000800000000)
  region size 1024K, 132 young (135168K), 2 survivors (2048K)
 Metaspace       used 162375K, committed 164608K, reserved 1245184K
  class space    used 20789K, committed 21888K, reserved 1048576K
}
Event: 9319.744 GC heap after
{Heap after GC invocations=147 (full 1):
 garbage-first heap   total 686080K, used 181751K [0x0000000780000000, 0x0000000800000000)
  region size 1024K, 13 young (13312K), 13 survivors (13312K)
 Metaspace       used 162375K, committed 164608K, reserved 1245184K
  class space    used 20789K, committed 21888K, reserved 1048576K
}
Event: 9324.676 GC heap before
{Heap before GC invocations=148 (full 1):
 garbage-first heap   total 686080K, used 283127K [0x0000000780000000, 0x0000000800000000)
  region size 1024K, 99 young (101376K), 13 survivors (13312K)
 Metaspace       used 160039K, committed 162240K, reserved 1245184K
  class space    used 20608K, committed 21696K, reserved 1048576K
}
Event: 9324.785 GC heap after
{Heap after GC invocations=149 (full 1):
 garbage-first heap   total 686080K, used 193871K [0x0000000780000000, 0x0000000800000000)
  region size 1024K, 12 young (12288K), 12 survivors (12288K)
 Metaspace       used 160039K, committed 162240K, reserved 1245184K
  class space    used 20608K, committed 21696K, reserved 1048576K
}
Event: 9328.931 GC heap before
{Heap before GC invocations=149 (full 1):
 garbage-first heap   total 686080K, used 214351K [0x0000000780000000, 0x0000000800000000)
  region size 1024K, 33 young (33792K), 12 survivors (12288K)
 Metaspace       used 160235K, committed 162496K, reserved 1245184K
  class space    used 20630K, committed 21760K, reserved 1048576K
}
Event: 9328.949 GC heap after
{Heap after GC invocations=150 (full 1):
 garbage-first heap   total 686080K, used 179777K [0x0000000780000000, 0x0000000800000000)
  region size 1024K, 4 young (4096K), 4 survivors (4096K)
 Metaspace       used 160235K, committed 162496K, reserved 1245184K
  class space    used 20630K, committed 21760K, reserved 1048576K
}
Event: 9336.002 GC heap before
{Heap before GC invocations=150 (full 1):
 garbage-first heap   total 686080K, used 522817K [0x0000000780000000, 0x0000000800000000)
  region size 1024K, 341 young (349184K), 4 survivors (4096K)
 Metaspace       used 160298K, committed 162496K, reserved 1245184K
  class space    used 20631K, committed 21760K, reserved 1048576K
}
Event: 9336.017 GC heap after
{Heap after GC invocations=151 (full 1):
 garbage-first heap   total 686080K, used 177538K [0x0000000780000000, 0x0000000800000000)
  region size 1024K, 2 young (2048K), 2 survivors (2048K)
 Metaspace       used 160298K, committed 162496K, reserved 1245184K
  class space    used 20631K, committed 21760K, reserved 1048576K
}
Event: 12937.342 GC heap before
{Heap before GC invocations=152 (full 1):
 garbage-first heap   total 686080K, used 586114K [0x0000000780000000, 0x0000000800000000)
  region size 1024K, 329 young (336896K), 2 survivors (2048K)
 Metaspace       used 162726K, committed 164992K, reserved 1245184K
  class space    used 20800K, committed 21952K, reserved 1048576K
}
Event: 12938.999 GC heap after
{Heap after GC invocations=153 (full 2):
 garbage-first heap   total 409600K, used 119991K [0x0000000780000000, 0x0000000800000000)
  region size 1024K, 0 young (0K), 0 survivors (0K)
 Metaspace       used 162726K, committed 164992K, reserved 1245184K
  class space    used 20800K, committed 21952K, reserved 1048576K
}
Event: 13546.894 GC heap before
{Heap before GC invocations=153 (full 2):
 garbage-first heap   total 409600K, used 229559K [0x0000000780000000, 0x0000000800000000)
  region size 1024K, 109 young (111616K), 0 survivors (0K)
 Metaspace       used 162793K, committed 165120K, reserved 1245184K
  class space    used 20800K, committed 21952K, reserved 1048576K
}
Event: 13547.093 GC heap after
{Heap after GC invocations=154 (full 2):
 garbage-first heap   total 409600K, used 131358K [0x0000000780000000, 0x0000000800000000)
  region size 1024K, 12 young (12288K), 12 survivors (12288K)
 Metaspace       used 162793K, committed 165120K, reserved 1245184K
  class space    used 20800K, committed 21952K, reserved 1048576K
}

